<?xml version="1.0" encoding="UTF-8"?>
<!-- Generated by org.testng.reporters.JUnitReportReporter -->
<testsuite skipped="0" hostname="LAPTOP-SU6EMOEA" name="com.kn.qa.tests.KnLoginPageTest" tests="2" failures="0" timestamp="30 Oct 2018 20:54:07 GMT" time="67.265" errors="0">
  <testcase name="HomePage_TitleVerify_Test" time="47.514" classname="com.kn.qa.tests.KnLoginPageTest"/>
  <testcase name="loginTest" time="19.751" classname="com.kn.qa.tests.KnLoginPageTest"/>
</testsuite> <!-- com.kn.qa.tests.KnLoginPageTest -->
